#
# A fatal error has been detected by the Java Runtime Environment:
#
#  Internal Error (javaClasses.cpp:136), pid=3832, tid=2636
#  fatal error: Invalid layout of preloaded class
#
# JRE version:  (7.0_51-b13) (build )
# Java VM: Java HotSpot(TM) 64-Bit Server VM (24.51-b03 mixed mode windows-amd64 compressed oops)
# Failed to write core dump. Minidumps are not enabled by default on client versions of Windows
#
# If you would like to submit a bug report, please visit:
#   http://bugreport.sun.com/bugreport/crash.jsp
#

---------------  T H R E A D  ---------------

Current thread (0x00000000025b0800):  JavaThread "Unknown thread" [_thread_in_vm, id=2636, stack(0x00000000024b0000,0x00000000025b0000)]

Stack: [0x00000000024b0000,0x00000000025b0000]

---------------  P R O C E S S  ---------------

Java Threads: ( => current thread )

Other Threads:

=>0x00000000025b0800 (exited) JavaThread "Unknown thread" [_thread_in_vm, id=2636, stack(0x00000000024b0000,0x00000000025b0000)]

VM state:not at safepoint (not fully initialized)

VM Mutex/Monitor currently owned by a thread: None

GC Heap History (0 events):
No events

Deoptimization events (0 events):
No events

Internal exceptions (0 events):
No events

Events (10 events):
Event: 0.015 loading class 0x00000000025f4870 done
Event: 0.015 loading class 0x00000000025f4290 done
Event: 0.015 loading class 0x00000000025f4270
Event: 0.016 loading class 0x00000000025fc340
Event: 0.016 loading class 0x00000000025fc340 done
Event: 0.016 loading class 0x00000000025fc370
Event: 0.016 loading class 0x00000000025fc370 done
Event: 0.016 loading class 0x00000000025fc3a0
Event: 0.016 loading class 0x00000000025fc3a0 done
Event: 0.016 loading class 0x00000000025f4270 done


Dynamic libraries:
0x00007ff627b00000 - 0x00007ff627b33000 	C:\Program Files\Java\jre7\bin\javaw.exe
0x00007ff975660000 - 0x00007ff975809000 	C:\Windows\SYSTEM32\ntdll.dll
0x00007ff9725f0000 - 0x00007ff972729000 	C:\Windows\system32\KERNEL32.DLL
0x00007ff971c90000 - 0x00007ff971d9f000 	C:\Windows\system32\KERNELBASE.dll
0x00007ff9707f0000 - 0x00007ff97087b000 	C:\Windows\system32\apphelp.dll
0x00007ff966780000 - 0x00007ff9667cf000 	C:\Windows\AppPatch\AppPatch64\AcGenral.DLL
0x00007ff973fa0000 - 0x00007ff974047000 	C:\Windows\system32\msvcrt.dll
0x00007ff971a00000 - 0x00007ff971a2b000 	C:\Windows\SYSTEM32\SspiCli.dll
0x00007ff972b30000 - 0x00007ff972b81000 	C:\Windows\system32\SHLWAPI.dll
0x00007ff972870000 - 0x00007ff9729e1000 	C:\Windows\system32\USER32.dll
0x00007ff972270000 - 0x00007ff9723e6000 	C:\Windows\system32\ole32.dll
0x00007ff972b90000 - 0x00007ff973f9f000 	C:\Windows\system32\SHELL32.dll
0x00007ff971230000 - 0x00007ff97124f000 	C:\Windows\SYSTEM32\USERENV.dll
0x00007ff974430000 - 0x00007ff9744d5000 	C:\Windows\system32\ADVAPI32.dll
0x00007ff968650000 - 0x00007ff96866b000 	C:\Windows\SYSTEM32\MPR.dll
0x00007ff972730000 - 0x00007ff972866000 	C:\Windows\system32\RPCRT4.dll
0x00007ff974500000 - 0x00007ff974557000 	C:\Windows\SYSTEM32\sechost.dll
0x00007ff974250000 - 0x00007ff974427000 	C:\Windows\SYSTEM32\combase.dll
0x00007ff974560000 - 0x00007ff9746a5000 	C:\Windows\system32\GDI32.dll
0x00007ff971bc0000 - 0x00007ff971bd4000 	C:\Windows\SYSTEM32\profapi.dll
0x00007ff970740000 - 0x00007ff9707e1000 	C:\Windows\SYSTEM32\SHCORE.dll
0x00007ff972130000 - 0x00007ff972164000 	C:\Windows\system32\IMM32.DLL
0x00007ff9729f0000 - 0x00007ff972b28000 	C:\Windows\system32\MSCTF.dll
0x00007ff96d090000 - 0x00007ff96d2ea000 	C:\Windows\WinSxS\amd64_microsoft.windows.common-controls_6595b64144ccf1df_6.0.9600.16384_none_62475f7becb72503\COMCTL32.dll
0x000000006b330000 - 0x000000006b402000 	C:\Program Files\Java\jre7\bin\msvcr100.dll
0x000000006ab60000 - 0x000000006b329000 	C:\Program Files\Java\jre7\bin\server\jvm.dll
0x00007ff96d6f0000 - 0x00007ff96d6f9000 	C:\Windows\SYSTEM32\WSOCK32.dll
0x00007ff96a600000 - 0x00007ff96a61f000 	C:\Windows\SYSTEM32\WINMM.dll
0x00007ff974760000 - 0x00007ff974767000 	C:\Windows\system32\PSAPI.DLL
0x00007ff972590000 - 0x00007ff9725e8000 	C:\Windows\system32\WS2_32.dll
0x00007ff96a5d0000 - 0x00007ff96a5fa000 	C:\Windows\SYSTEM32\WINMMBASE.dll
0x00007ff974060000 - 0x00007ff974069000 	C:\Windows\system32\NSI.dll
0x00007ff972030000 - 0x00007ff97207a000 	C:\Windows\SYSTEM32\cfgmgr32.dll
0x00007ff970a50000 - 0x00007ff970a76000 	C:\Windows\SYSTEM32\DEVOBJ.dll
0x000000006ab50000 - 0x000000006ab5f000 	C:\Program Files\Java\jre7\bin\verify.dll
0x000000006ab20000 - 0x000000006ab48000 	C:\Program Files\Java\jre7\bin\java.dll
0x000000006ab00000 - 0x000000006ab15000 	C:\Program Files\Java\jre7\bin\zip.dll

VM Arguments:
jvm_args: -Dfile.encoding=Cp1252 -Xbootclasspath:C:\Users\Rahim\Desktop\Andoird\adt-bundle-windows-x86_64-20131030\sdk\platforms\android-14\android.jar 
java_command: com.example.braintraining.Generator
Launcher Type: SUN_STANDARD

Environment Variables:
PATH=C:\Windows\system32;C:\Windows;C:\Windows\System32\Wbem;C:\Windows\System32\WindowsPowerShell\v1.0\;c:\Program Files (x86)\Microsoft SQL Server\100\Tools\Binn\;c:\Program Files\Microsoft SQL Server\100\Tools\Binn\;c:\Program Files\Microsoft SQL Server\100\DTS\Binn\
USERNAME=Rahim
OS=Windows_NT
PROCESSOR_IDENTIFIER=Intel64 Family 6 Model 58 Stepping 9, GenuineIntel



---------------  S Y S T E M  ---------------

OS: Windows 8 , 64 bit Build 9200 

CPU:total 4 (2 cores per cpu, 2 threads per core) family 6 model 58 stepping 9, cmov, cx8, fxsr, mmx, sse, sse2, sse3, ssse3, sse4.1, sse4.2, popcnt, avx, aes, erms, ht, tsc, tscinvbit, tscinv

Memory: 4k page, physical 8282392k(4271784k free), swap 17523980k(12414824k free)

vm_info: Java HotSpot(TM) 64-Bit Server VM (24.51-b03) for windows-amd64 JRE (1.7.0_51-b13), built on Dec 18 2013 18:40:56 by "java_re" with unknown MS VC++:1600

time: Thu Feb 20 13:46:11 2014
elapsed time: 0 seconds

